<?xml version="1.0" encoding="UTF-8"?>
<testsuite xmlns:xsi="http://www.w3.org/2001/XMLSchema-instance" xsi:noNamespaceSchemaLocation="https://maven.apache.org/surefire/maven-surefire-plugin/xsd/surefire-test-report.xsd" name="de.fisp.asciidoctorj.extensions.AppTest" time="0.021" tests="1" errors="0" skipped="0" failures="0">
  <properties>
    <property name="sun.desktop" value="windows"/>
    <property name="awt.toolkit" value="sun.awt.windows.WToolkit"/>
    <property name="file.encoding.pkg" value="sun.io"/>
    <property name="java.specification.version" value="1.8"/>
    <property name="sun.cpu.isalist" value="amd64"/>
    <property name="sun.jnu.encoding" value="Cp1252"/>
    <property name="java.class.path" value="C:\Users\Wahnsiedler_C\Desktop\toftot\target\test-classes;C:\Users\Wahnsiedler_C\Desktop\toftot\target\classes;C:\Users\Wahnsiedler_C\.m2\repository\junit\junit\4.11\junit-4.11.jar;C:\Users\Wahnsiedler_C\.m2\repository\org\hamcrest\hamcrest-core\1.3\hamcrest-core-1.3.jar;C:\Users\Wahnsiedler_C\.m2\repository\org\asciidoctor\asciidoctorj\2.1.0\asciidoctorj-2.1.0.jar;C:\Users\Wahnsiedler_C\.m2\repository\org\asciidoctor\asciidoctorj-api\2.1.0\asciidoctorj-api-2.1.0.jar;C:\Users\Wahnsiedler_C\.m2\repository\org\jruby\jruby\9.2.7.0\jruby-9.2.7.0.jar;C:\Users\Wahnsiedler_C\.m2\repository\org\jruby\jruby-core\9.2.7.0\jruby-core-9.2.7.0.jar;C:\Users\Wahnsiedler_C\.m2\repository\com\github\jnr\jnr-netdb\1.1.6\jnr-netdb-1.1.6.jar;C:\Users\Wahnsiedler_C\.m2\repository\com\github\jnr\jnr-enxio\0.19\jnr-enxio-0.19.jar;C:\Users\Wahnsiedler_C\.m2\repository\com\github\jnr\jnr-unixsocket\0.20\jnr-unixsocket-0.20.jar;C:\Users\Wahnsiedler_C\.m2\repository\com\github\jnr\jnr-posix\3.0.49\jnr-posix-3.0.49.jar;C:\Users\Wahnsiedler_C\.m2\repository\com\github\jnr\jnr-constants\0.9.12\jnr-constants-0.9.12.jar;C:\Users\Wahnsiedler_C\.m2\repository\com\github\jnr\jffi\1.2.18\jffi-1.2.18.jar;C:\Users\Wahnsiedler_C\.m2\repository\com\github\jnr\jffi\1.2.18\jffi-1.2.18-native.jar;C:\Users\Wahnsiedler_C\.m2\repository\org\jruby\joni\joni\2.1.26\joni-2.1.26.jar;C:\Users\Wahnsiedler_C\.m2\repository\org\jruby\jcodings\jcodings\1.0.43\jcodings-1.0.43.jar;C:\Users\Wahnsiedler_C\.m2\repository\org\jruby\dirgra\0.3\dirgra-0.3.jar;C:\Users\Wahnsiedler_C\.m2\repository\com\headius\invokebinder\1.11\invokebinder-1.11.jar;C:\Users\Wahnsiedler_C\.m2\repository\com\headius\options\1.4\options-1.4.jar;C:\Users\Wahnsiedler_C\.m2\repository\com\jcraft\jzlib\1.1.3\jzlib-1.1.3.jar;C:\Users\Wahnsiedler_C\.m2\repository\com\martiansoftware\nailgun-server\0.9.1\nailgun-server-0.9.1.jar;C:\Users\Wahnsiedler_C\.m2\repository\joda-time\joda-time\2.9.9\joda-time-2.9.9.jar;C:\Users\Wahnsiedler_C\.m2\repository\com\headius\backport9\1.2\backport9-1.2.jar;C:\Users\Wahnsiedler_C\.m2\repository\org\jruby\jruby-stdlib\9.2.7.0\jruby-stdlib-9.2.7.0.jar;C:\Users\Wahnsiedler_C\.m2\repository\com\beust\jcommander\1.35\jcommander-1.35.jar;C:\Users\Wahnsiedler_C\.m2\repository\org\apache\maven\plugin-tools\maven-plugin-annotations\3.6.0\maven-plugin-annotations-3.6.0.jar;C:\Users\Wahnsiedler_C\.m2\repository\org\apache\maven\maven-artifact\3.0\maven-artifact-3.0.jar;C:\Users\Wahnsiedler_C\.m2\repository\org\codehaus\plexus\plexus-utils\2.0.4\plexus-utils-2.0.4.jar;"/>
    <property name="java.vm.vendor" value="Azul Systems, Inc."/>
    <property name="sun.arch.data.model" value="64"/>
    <property name="user.variant" value=""/>
    <property name="java.vendor.url" value="http://www.azulsystems.com/"/>
    <property name="user.timezone" value="Europe/Berlin"/>
    <property name="java.vm.specification.version" value="1.8"/>
    <property name="os.name" value="Windows 10"/>
    <property name="user.country" value="DE"/>
    <property name="sun.java.launcher" value="SUN_STANDARD"/>
    <property name="sun.boot.library.path" value="C:\Users\Wahnsiedler_C\Desktop\openJDK8\jre\bin"/>
    <property name="sun.java.command" value="C:\Users\WAHNSI~1\AppData\Local\Temp\surefire3526033811286458088\surefirebooter2872364558250769015.jar C:\Users\Wahnsiedler_C\AppData\Local\Temp\surefire3526033811286458088 2019-07-29T15-30-13_388-jvmRun1 surefire1114481919708187013tmp surefire_02435864259430153216tmp"/>
    <property name="surefire.test.class.path" value="C:\Users\Wahnsiedler_C\Desktop\toftot\target\test-classes;C:\Users\Wahnsiedler_C\Desktop\toftot\target\classes;C:\Users\Wahnsiedler_C\.m2\repository\junit\junit\4.11\junit-4.11.jar;C:\Users\Wahnsiedler_C\.m2\repository\org\hamcrest\hamcrest-core\1.3\hamcrest-core-1.3.jar;C:\Users\Wahnsiedler_C\.m2\repository\org\asciidoctor\asciidoctorj\2.1.0\asciidoctorj-2.1.0.jar;C:\Users\Wahnsiedler_C\.m2\repository\org\asciidoctor\asciidoctorj-api\2.1.0\asciidoctorj-api-2.1.0.jar;C:\Users\Wahnsiedler_C\.m2\repository\org\jruby\jruby\9.2.7.0\jruby-9.2.7.0.jar;C:\Users\Wahnsiedler_C\.m2\repository\org\jruby\jruby-core\9.2.7.0\jruby-core-9.2.7.0.jar;C:\Users\Wahnsiedler_C\.m2\repository\com\github\jnr\jnr-netdb\1.1.6\jnr-netdb-1.1.6.jar;C:\Users\Wahnsiedler_C\.m2\repository\com\github\jnr\jnr-enxio\0.19\jnr-enxio-0.19.jar;C:\Users\Wahnsiedler_C\.m2\repository\com\github\jnr\jnr-unixsocket\0.20\jnr-unixsocket-0.20.jar;C:\Users\Wahnsiedler_C\.m2\repository\com\github\jnr\jnr-posix\3.0.49\jnr-posix-3.0.49.jar;C:\Users\Wahnsiedler_C\.m2\repository\com\github\jnr\jnr-constants\0.9.12\jnr-constants-0.9.12.jar;C:\Users\Wahnsiedler_C\.m2\repository\com\github\jnr\jffi\1.2.18\jffi-1.2.18.jar;C:\Users\Wahnsiedler_C\.m2\repository\com\github\jnr\jffi\1.2.18\jffi-1.2.18-native.jar;C:\Users\Wahnsiedler_C\.m2\repository\org\jruby\joni\joni\2.1.26\joni-2.1.26.jar;C:\Users\Wahnsiedler_C\.m2\repository\org\jruby\jcodings\jcodings\1.0.43\jcodings-1.0.43.jar;C:\Users\Wahnsiedler_C\.m2\repository\org\jruby\dirgra\0.3\dirgra-0.3.jar;C:\Users\Wahnsiedler_C\.m2\repository\com\headius\invokebinder\1.11\invokebinder-1.11.jar;C:\Users\Wahnsiedler_C\.m2\repository\com\headius\options\1.4\options-1.4.jar;C:\Users\Wahnsiedler_C\.m2\repository\com\jcraft\jzlib\1.1.3\jzlib-1.1.3.jar;C:\Users\Wahnsiedler_C\.m2\repository\com\martiansoftware\nailgun-server\0.9.1\nailgun-server-0.9.1.jar;C:\Users\Wahnsiedler_C\.m2\repository\joda-time\joda-time\2.9.9\joda-time-2.9.9.jar;C:\Users\Wahnsiedler_C\.m2\repository\com\headius\backport9\1.2\backport9-1.2.jar;C:\Users\Wahnsiedler_C\.m2\repository\org\jruby\jruby-stdlib\9.2.7.0\jruby-stdlib-9.2.7.0.jar;C:\Users\Wahnsiedler_C\.m2\repository\com\beust\jcommander\1.35\jcommander-1.35.jar;C:\Users\Wahnsiedler_C\.m2\repository\org\apache\maven\plugin-tools\maven-plugin-annotations\3.6.0\maven-plugin-annotations-3.6.0.jar;C:\Users\Wahnsiedler_C\.m2\repository\org\apache\maven\maven-artifact\3.0\maven-artifact-3.0.jar;C:\Users\Wahnsiedler_C\.m2\repository\org\codehaus\plexus\plexus-utils\2.0.4\plexus-utils-2.0.4.jar;"/>
    <property name="sun.cpu.endian" value="little"/>
    <property name="user.home" value="C:\Users\Wahnsiedler_C"/>
    <property name="user.language" value="de"/>
    <property name="java.specification.vendor" value="Oracle Corporation"/>
    <property name="java.home" value="C:\Users\Wahnsiedler_C\Desktop\openJDK8\jre"/>
    <property name="basedir" value="C:\Users\Wahnsiedler_C\Desktop\toftot"/>
    <property name="file.separator" value="\"/>
    <property name="line.separator" value="&#10;"/>
    <property name="java.vm.specification.vendor" value="Oracle Corporation"/>
    <property name="java.specification.name" value="Java Platform API Specification"/>
    <property name="java.awt.graphicsenv" value="sun.awt.Win32GraphicsEnvironment"/>
    <property name="surefire.real.class.path" value="C:\Users\WAHNSI~1\AppData\Local\Temp\surefire3526033811286458088\surefirebooter2872364558250769015.jar"/>
    <property name="sun.boot.class.path" value="C:\Users\Wahnsiedler_C\Desktop\openJDK8\jre\lib\resources.jar;C:\Users\Wahnsiedler_C\Desktop\openJDK8\jre\lib\rt.jar;C:\Users\Wahnsiedler_C\Desktop\openJDK8\jre\lib\sunrsasign.jar;C:\Users\Wahnsiedler_C\Desktop\openJDK8\jre\lib\jsse.jar;C:\Users\Wahnsiedler_C\Desktop\openJDK8\jre\lib\jce.jar;C:\Users\Wahnsiedler_C\Desktop\openJDK8\jre\lib\charsets.jar;C:\Users\Wahnsiedler_C\Desktop\openJDK8\jre\lib\jfr.jar;C:\Users\Wahnsiedler_C\Desktop\openJDK8\jre\classes"/>
    <property name="user.script" value=""/>
    <property name="sun.management.compiler" value="HotSpot 64-Bit Tiered Compilers"/>
    <property name="java.runtime.version" value="1.8.0_212-b04"/>
    <property name="user.name" value="Wahnsiedler_C"/>
    <property name="path.separator" value=";"/>
    <property name="os.version" value="10.0"/>
    <property name="java.endorsed.dirs" value="C:\Users\Wahnsiedler_C\Desktop\openJDK8\jre\lib\endorsed"/>
    <property name="java.runtime.name" value="OpenJDK Runtime Environment"/>
    <property name="file.encoding" value="Cp1252"/>
    <property name="java.vm.name" value="OpenJDK 64-Bit Server VM"/>
    <property name="localRepository" value="C:\Users\Wahnsiedler_C\.m2\repository"/>
    <property name="java.vendor.url.bug" value="http://www.azulsystems.com/support/"/>
    <property name="java.io.tmpdir" value="C:\Users\WAHNSI~1\AppData\Local\Temp\"/>
    <property name="java.version" value="1.8.0_212"/>
    <property name="user.dir" value="C:\Users\Wahnsiedler_C\Desktop\toftot"/>
    <property name="os.arch" value="amd64"/>
    <property name="java.vm.specification.name" value="Java Virtual Machine Specification"/>
    <property name="java.awt.printerjob" value="sun.awt.windows.WPrinterJob"/>
    <property name="sun.os.patch.level" value=""/>
    <property name="idea.version2019.2" value="true"/>
    <property name="java.library.path" value="C:\Users\Wahnsiedler_C\Desktop\openJDK8\jre\bin;C:\Windows\Sun\Java\bin;C:\Windows\system32;C:\Windows;C:\Program Files\JetBrains\IntelliJ IDEA 2019.1.3\jbr\\bin;C:\Program Files\JetBrains\IntelliJ IDEA 2019.1.3\jbr\\bin\server;C:\app\Wahnsiedler_C\product\12.2.0\dbhome_1\bin;C:\Program Files\AdoptOpenJDK\jdk-11.0.3.7-hotspot\bin;C:\Program Files (x86)\Common Files\Oracle\Java\javapath;C:\Windows\system32;C:\Windows;C:\Windows\System32\Wbem;C:\Windows\System32\WindowsPowerShell\v1.0\;C:\Windows\SysWOW64\Empirum;C:\Users\Wahnsiedler_C\Desktop\Angular\nodejs\;C:\ProgramData\chocolatey\bin;C:\Ruby25-x64\bin;C:\Users\Wahnsiedler_C\AppData\Local\Microsoft\WindowsApps;C:\Users\Wahnsiedler_C\apache-maven-3.6.1-bin\apache-maven-3.6.1\bin;C:\Users\Wahnsiedler_C\AppData\Local\Programs\Git\cmd;C:\Users\Wahnsiedler_C\AppData\Roaming\npm;C:\Users\Wahnsiedler_C\Desktop\Angular\VSCode\bin;C:\Users\Wahnsiedler_C\AppData\Local\atom\bin;C:\Users\Wahnsiedler_C\Desktop\AdoptOpenJDK\jdk-11.0.3.7-hotspot\bin;;."/>
    <property name="java.vm.info" value="mixed mode"/>
    <property name="java.vendor" value="Azul Systems, Inc."/>
    <property name="java.vm.version" value="25.212-b04"/>
    <property name="java.ext.dirs" value="C:\Users\Wahnsiedler_C\Desktop\openJDK8\jre\lib\ext;C:\Windows\Sun\Java\lib\ext"/>
    <property name="sun.io.unicode.encoding" value="UnicodeLittle"/>
    <property name="java.class.version" value="52.0"/>
  </properties>
  <testcase name="shouldAnswerWithTrue" classname="de.fisp.asciidoctorj.extensions.AppTest" time="0.001"/>
</testsuite>